Arguments: 
  /Users/adamtimberlake/.nvm/versions/node/v19.6.1/bin/node /Users/adamtimberlake/.nvm/versions/node/v19.6.1/bin/yarn

PATH: 
  /opt/homebrew/bin:/opt/homebrew/sbin:/Users/adamtimberlake/.nvm/versions/node/v19.6.1/bin:/Users/adamtimberlake/go/bin:/Users/adamtimberlake/Webroot/mimi/config-scripts:/Users/adamtimberlake/.deno/bin:/opt/homebrew/bin:/opt/homebrew/sbin:/usr/local/bin:/System/Cryptexes/App/usr/bin:/usr/bin:/bin:/usr/sbin:/sbin:/Library/Apple/usr/bin:/Users/adamtimberlake/.cargo/bin

Yarn version: 
  1.22.19

Node version: 
  19.6.1

Platform: 
  darwin arm64

Trace: 
  SyntaxError: /Users/adamtimberlake/Webroot/Lausanne/packages/app/package.json: Unexpected end of JSON input
      at JSON.parse (<anonymous>)
      at /Users/adamtimberlake/.nvm/versions/node/v19.6.1/lib/node_modules/yarn/lib/cli.js:1629:59
      at Generator.next (<anonymous>)
      at step (/Users/adamtimberlake/.nvm/versions/node/v19.6.1/lib/node_modules/yarn/lib/cli.js:310:30)
      at /Users/adamtimberlake/.nvm/versions/node/v19.6.1/lib/node_modules/yarn/lib/cli.js:321:13

npm manifest: 
  {
    "name": "lausanne",
    "version": "1.0.0",
    "private": true,
    "workspaces": [
      "packages/**"
    ],
    "scripts": {
      "build": "nx run-many --target=build",
      "start": "nx run-many --target=start"
    },
    "devDependencies": {
      "nx": "15.7.2",
      "tsc": "2.0.4"
    }
  }

yarn manifest: 
  No manifest

Lockfile: 
  No lockfile
